actionid=tox
msg=packaging
cmdargs=['/usr/bin/python2.7', local('/home/rory/repos/bootstrap-vz/setup.py'), 'sdist', '--formats=zip', '--dist-dir', local('/home/rory/repos/bootstrap-vz/.tox/dist')]
env=None
running sdist
running egg_info
writing requirements to bootstrap_vz.egg-info/requires.txt
writing bootstrap_vz.egg-info/PKG-INFO
writing top-level names to bootstrap_vz.egg-info/top_level.txt
writing dependency_links to bootstrap_vz.egg-info/dependency_links.txt
writing entry points to bootstrap_vz.egg-info/entry_points.txt
reading manifest file 'bootstrap_vz.egg-info/SOURCES.txt'
reading manifest template 'MANIFEST.in'
writing manifest file 'bootstrap_vz.egg-info/SOURCES.txt'
warning: sdist: standard file not found: should have one of README, README.rst, README.txt

running check
creating bootstrap-vz-0.9
creating bootstrap-vz-0.9/bootstrap_vz.egg-info
creating bootstrap-vz-0.9/bootstrapvz
creating bootstrap-vz-0.9/bootstrapvz/base
creating bootstrap-vz-0.9/bootstrapvz/base/fs
creating bootstrap-vz-0.9/bootstrapvz/base/fs/partitionmaps
creating bootstrap-vz-0.9/bootstrapvz/base/fs/partitions
creating bootstrap-vz-0.9/bootstrapvz/base/pkg
creating bootstrap-vz-0.9/bootstrapvz/common
creating bootstrap-vz-0.9/bootstrapvz/common/fs
creating bootstrap-vz-0.9/bootstrapvz/common/tasks
creating bootstrap-vz-0.9/bootstrapvz/plugins
creating bootstrap-vz-0.9/bootstrapvz/plugins/admin_user
creating bootstrap-vz-0.9/bootstrapvz/plugins/apt_proxy
creating bootstrap-vz-0.9/bootstrapvz/plugins/chef
creating bootstrap-vz-0.9/bootstrapvz/plugins/cloud_init
creating bootstrap-vz-0.9/bootstrapvz/plugins/image_commands
creating bootstrap-vz-0.9/bootstrapvz/plugins/minimize_size
creating bootstrap-vz-0.9/bootstrapvz/plugins/ntp
creating bootstrap-vz-0.9/bootstrapvz/plugins/opennebula
creating bootstrap-vz-0.9/bootstrapvz/plugins/prebootstrapped
creating bootstrap-vz-0.9/bootstrapvz/plugins/puppet
creating bootstrap-vz-0.9/bootstrapvz/plugins/root_password
creating bootstrap-vz-0.9/bootstrapvz/plugins/unattended_upgrades
creating bootstrap-vz-0.9/bootstrapvz/plugins/vagrant
creating bootstrap-vz-0.9/bootstrapvz/plugins/vagrant/assets
creating bootstrap-vz-0.9/bootstrapvz/providers
creating bootstrap-vz-0.9/bootstrapvz/providers/azure
creating bootstrap-vz-0.9/bootstrapvz/providers/azure/tasks
creating bootstrap-vz-0.9/bootstrapvz/providers/ec2
creating bootstrap-vz-0.9/bootstrapvz/providers/ec2/tasks
creating bootstrap-vz-0.9/bootstrapvz/providers/kvm
creating bootstrap-vz-0.9/bootstrapvz/providers/kvm/tasks
creating bootstrap-vz-0.9/bootstrapvz/providers/virtualbox
creating bootstrap-vz-0.9/bootstrapvz/providers/virtualbox/tasks
creating bootstrap-vz-0.9/manifests
making hard links in bootstrap-vz-0.9...
hard linking LICENSE -> bootstrap-vz-0.9
hard linking MANIFEST.in -> bootstrap-vz-0.9
hard linking setup.py -> bootstrap-vz-0.9
hard linking bootstrap_vz.egg-info/PKG-INFO -> bootstrap-vz-0.9/bootstrap_vz.egg-info
hard linking bootstrap_vz.egg-info/SOURCES.txt -> bootstrap-vz-0.9/bootstrap_vz.egg-info
hard linking bootstrap_vz.egg-info/dependency_links.txt -> bootstrap-vz-0.9/bootstrap_vz.egg-info
hard linking bootstrap_vz.egg-info/entry_points.txt -> bootstrap-vz-0.9/bootstrap_vz.egg-info
hard linking bootstrap_vz.egg-info/requires.txt -> bootstrap-vz-0.9/bootstrap_vz.egg-info
hard linking bootstrap_vz.egg-info/top_level.txt -> bootstrap-vz-0.9/bootstrap_vz.egg-info
hard linking bootstrapvz/__init__.py -> bootstrap-vz-0.9/bootstrapvz
hard linking bootstrapvz/base/__init__.py -> bootstrap-vz-0.9/bootstrapvz/base
hard linking bootstrapvz/base/bootstrapinfo.py -> bootstrap-vz-0.9/bootstrapvz/base
hard linking bootstrapvz/base/log.py -> bootstrap-vz-0.9/bootstrapvz/base
hard linking bootstrapvz/base/main.py -> bootstrap-vz-0.9/bootstrapvz/base
hard linking bootstrapvz/base/manifest-schema.json -> bootstrap-vz-0.9/bootstrapvz/base
hard linking bootstrapvz/base/manifest.py -> bootstrap-vz-0.9/bootstrapvz/base
hard linking bootstrapvz/base/phase.py -> bootstrap-vz-0.9/bootstrapvz/base
hard linking bootstrapvz/base/release-codenames.json -> bootstrap-vz-0.9/bootstrapvz/base
hard linking bootstrapvz/base/task.py -> bootstrap-vz-0.9/bootstrapvz/base
hard linking bootstrapvz/base/tasklist.py -> bootstrap-vz-0.9/bootstrapvz/base
hard linking bootstrapvz/base/fs/__init__.py -> bootstrap-vz-0.9/bootstrapvz/base/fs
hard linking bootstrapvz/base/fs/exceptions.py -> bootstrap-vz-0.9/bootstrapvz/base/fs
hard linking bootstrapvz/base/fs/volume.py -> bootstrap-vz-0.9/bootstrapvz/base/fs
hard linking bootstrapvz/base/fs/partitionmaps/__init__.py -> bootstrap-vz-0.9/bootstrapvz/base/fs/partitionmaps
hard linking bootstrapvz/base/fs/partitionmaps/abstract.py -> bootstrap-vz-0.9/bootstrapvz/base/fs/partitionmaps
hard linking bootstrapvz/base/fs/partitionmaps/gpt.py -> bootstrap-vz-0.9/bootstrapvz/base/fs/partitionmaps
hard linking bootstrapvz/base/fs/partitionmaps/msdos.py -> bootstrap-vz-0.9/bootstrapvz/base/fs/partitionmaps
hard linking bootstrapvz/base/fs/partitionmaps/none.py -> bootstrap-vz-0.9/bootstrapvz/base/fs/partitionmaps
hard linking bootstrapvz/base/fs/partitions/__init__.py -> bootstrap-vz-0.9/bootstrapvz/base/fs/partitions
hard linking bootstrapvz/base/fs/partitions/abstract.py -> bootstrap-vz-0.9/bootstrapvz/base/fs/partitions
hard linking bootstrapvz/base/fs/partitions/base.py -> bootstrap-vz-0.9/bootstrapvz/base/fs/partitions
hard linking bootstrapvz/base/fs/partitions/gpt.py -> bootstrap-vz-0.9/bootstrapvz/base/fs/partitions
hard linking bootstrapvz/base/fs/partitions/gpt_swap.py -> bootstrap-vz-0.9/bootstrapvz/base/fs/partitions
hard linking bootstrapvz/base/fs/partitions/msdos.py -> bootstrap-vz-0.9/bootstrapvz/base/fs/partitions
hard linking bootstrapvz/base/fs/partitions/msdos_swap.py -> bootstrap-vz-0.9/bootstrapvz/base/fs/partitions
hard linking bootstrapvz/base/fs/partitions/single.py -> bootstrap-vz-0.9/bootstrapvz/base/fs/partitions
hard linking bootstrapvz/base/fs/partitions/unformatted.py -> bootstrap-vz-0.9/bootstrapvz/base/fs/partitions
hard linking bootstrapvz/base/pkg/__init__.py -> bootstrap-vz-0.9/bootstrapvz/base/pkg
hard linking bootstrapvz/base/pkg/exceptions.py -> bootstrap-vz-0.9/bootstrapvz/base/pkg
hard linking bootstrapvz/base/pkg/packagelist.py -> bootstrap-vz-0.9/bootstrapvz/base/pkg
hard linking bootstrapvz/base/pkg/preferenceslist.py -> bootstrap-vz-0.9/bootstrapvz/base/pkg
hard linking bootstrapvz/base/pkg/sourceslist.py -> bootstrap-vz-0.9/bootstrapvz/base/pkg
hard linking bootstrapvz/common/__init__.py -> bootstrap-vz-0.9/bootstrapvz/common
hard linking bootstrapvz/common/bytes.py -> bootstrap-vz-0.9/bootstrapvz/common
hard linking bootstrapvz/common/exceptions.py -> bootstrap-vz-0.9/bootstrapvz/common
hard linking bootstrapvz/common/fsm_proxy.py -> bootstrap-vz-0.9/bootstrapvz/common
hard linking bootstrapvz/common/minify_json.py -> bootstrap-vz-0.9/bootstrapvz/common
hard linking bootstrapvz/common/phases.py -> bootstrap-vz-0.9/bootstrapvz/common
hard linking bootstrapvz/common/task_sets.py -> bootstrap-vz-0.9/bootstrapvz/common
hard linking bootstrapvz/common/tools.py -> bootstrap-vz-0.9/bootstrapvz/common
hard linking bootstrapvz/common/fs/__init__.py -> bootstrap-vz-0.9/bootstrapvz/common/fs
hard linking bootstrapvz/common/fs/loopbackvolume.py -> bootstrap-vz-0.9/bootstrapvz/common/fs
hard linking bootstrapvz/common/fs/qemuvolume.py -> bootstrap-vz-0.9/bootstrapvz/common/fs
hard linking bootstrapvz/common/fs/virtualdiskimage.py -> bootstrap-vz-0.9/bootstrapvz/common/fs
hard linking bootstrapvz/common/fs/virtualmachinedisk.py -> bootstrap-vz-0.9/bootstrapvz/common/fs
hard linking bootstrapvz/common/tasks/__init__.py -> bootstrap-vz-0.9/bootstrapvz/common/tasks
hard linking bootstrapvz/common/tasks/apt.py -> bootstrap-vz-0.9/bootstrapvz/common/tasks
hard linking bootstrapvz/common/tasks/boot.py -> bootstrap-vz-0.9/bootstrapvz/common/tasks
hard linking bootstrapvz/common/tasks/bootstrap.py -> bootstrap-vz-0.9/bootstrapvz/common/tasks
hard linking bootstrapvz/common/tasks/cleanup.py -> bootstrap-vz-0.9/bootstrapvz/common/tasks
hard linking bootstrapvz/common/tasks/development.py -> bootstrap-vz-0.9/bootstrapvz/common/tasks
hard linking bootstrapvz/common/tasks/filesystem.py -> bootstrap-vz-0.9/bootstrapvz/common/tasks
hard linking bootstrapvz/common/tasks/host.py -> bootstrap-vz-0.9/bootstrapvz/common/tasks
hard linking bootstrapvz/common/tasks/initd.py -> bootstrap-vz-0.9/bootstrapvz/common/tasks
hard linking bootstrapvz/common/tasks/locale.py -> bootstrap-vz-0.9/bootstrapvz/common/tasks
hard linking bootstrapvz/common/tasks/loopback.py -> bootstrap-vz-0.9/bootstrapvz/common/tasks
hard linking bootstrapvz/common/tasks/network-configuration.json -> bootstrap-vz-0.9/bootstrapvz/common/tasks
hard linking bootstrapvz/common/tasks/network.py -> bootstrap-vz-0.9/bootstrapvz/common/tasks
hard linking bootstrapvz/common/tasks/packages.py -> bootstrap-vz-0.9/bootstrapvz/common/tasks
hard linking bootstrapvz/common/tasks/partitioning.py -> bootstrap-vz-0.9/bootstrapvz/common/tasks
hard linking bootstrapvz/common/tasks/security.py -> bootstrap-vz-0.9/bootstrapvz/common/tasks
hard linking bootstrapvz/common/tasks/volume.py -> bootstrap-vz-0.9/bootstrapvz/common/tasks
hard linking bootstrapvz/common/tasks/workspace.py -> bootstrap-vz-0.9/bootstrapvz/common/tasks
hard linking bootstrapvz/plugins/__init__.py -> bootstrap-vz-0.9/bootstrapvz/plugins
hard linking bootstrapvz/plugins/admin_user/__init__.py -> bootstrap-vz-0.9/bootstrapvz/plugins/admin_user
hard linking bootstrapvz/plugins/admin_user/manifest-schema.json -> bootstrap-vz-0.9/bootstrapvz/plugins/admin_user
hard linking bootstrapvz/plugins/admin_user/tasks.py -> bootstrap-vz-0.9/bootstrapvz/plugins/admin_user
hard linking bootstrapvz/plugins/apt_proxy/__init__.py -> bootstrap-vz-0.9/bootstrapvz/plugins/apt_proxy
hard linking bootstrapvz/plugins/apt_proxy/manifest-schema.json -> bootstrap-vz-0.9/bootstrapvz/plugins/apt_proxy
hard linking bootstrapvz/plugins/apt_proxy/tasks.py -> bootstrap-vz-0.9/bootstrapvz/plugins/apt_proxy
hard linking bootstrapvz/plugins/chef/__init__.py -> bootstrap-vz-0.9/bootstrapvz/plugins/chef
hard linking bootstrapvz/plugins/chef/manifest-schema.json -> bootstrap-vz-0.9/bootstrapvz/plugins/chef
hard linking bootstrapvz/plugins/chef/tasks.py -> bootstrap-vz-0.9/bootstrapvz/plugins/chef
hard linking bootstrapvz/plugins/cloud_init/__init__.py -> bootstrap-vz-0.9/bootstrapvz/plugins/cloud_init
hard linking bootstrapvz/plugins/cloud_init/manifest-schema.json -> bootstrap-vz-0.9/bootstrapvz/plugins/cloud_init
hard linking bootstrapvz/plugins/cloud_init/tasks.py -> bootstrap-vz-0.9/bootstrapvz/plugins/cloud_init
hard linking bootstrapvz/plugins/image_commands/__init__.py -> bootstrap-vz-0.9/bootstrapvz/plugins/image_commands
hard linking bootstrapvz/plugins/image_commands/manifest-schema.json -> bootstrap-vz-0.9/bootstrapvz/plugins/image_commands
hard linking bootstrapvz/plugins/image_commands/tasks.py -> bootstrap-vz-0.9/bootstrapvz/plugins/image_commands
hard linking bootstrapvz/plugins/minimize_size/__init__.py -> bootstrap-vz-0.9/bootstrapvz/plugins/minimize_size
hard linking bootstrapvz/plugins/minimize_size/manifest-schema.json -> bootstrap-vz-0.9/bootstrapvz/plugins/minimize_size
hard linking bootstrapvz/plugins/minimize_size/tasks.py -> bootstrap-vz-0.9/bootstrapvz/plugins/minimize_size
hard linking bootstrapvz/plugins/ntp/__init__.py -> bootstrap-vz-0.9/bootstrapvz/plugins/ntp
hard linking bootstrapvz/plugins/ntp/manifest-schema.json -> bootstrap-vz-0.9/bootstrapvz/plugins/ntp
hard linking bootstrapvz/plugins/ntp/tasks.py -> bootstrap-vz-0.9/bootstrapvz/plugins/ntp
hard linking bootstrapvz/plugins/opennebula/__init__.py -> bootstrap-vz-0.9/bootstrapvz/plugins/opennebula
hard linking bootstrapvz/plugins/opennebula/tasks.py -> bootstrap-vz-0.9/bootstrapvz/plugins/opennebula
hard linking bootstrapvz/plugins/prebootstrapped/__init__.py -> bootstrap-vz-0.9/bootstrapvz/plugins/prebootstrapped
hard linking bootstrapvz/plugins/prebootstrapped/manifest-schema.json -> bootstrap-vz-0.9/bootstrapvz/plugins/prebootstrapped
hard linking bootstrapvz/plugins/prebootstrapped/tasks.py -> bootstrap-vz-0.9/bootstrapvz/plugins/prebootstrapped
hard linking bootstrapvz/plugins/puppet/__init__.py -> bootstrap-vz-0.9/bootstrapvz/plugins/puppet
hard linking bootstrapvz/plugins/puppet/manifest-schema.json -> bootstrap-vz-0.9/bootstrapvz/plugins/puppet
hard linking bootstrapvz/plugins/puppet/tasks.py -> bootstrap-vz-0.9/bootstrapvz/plugins/puppet
hard linking bootstrapvz/plugins/root_password/__init__.py -> bootstrap-vz-0.9/bootstrapvz/plugins/root_password
hard linking bootstrapvz/plugins/root_password/manifest-schema.json -> bootstrap-vz-0.9/bootstrapvz/plugins/root_password
hard linking bootstrapvz/plugins/root_password/tasks.py -> bootstrap-vz-0.9/bootstrapvz/plugins/root_password
hard linking bootstrapvz/plugins/unattended_upgrades/__init__.py -> bootstrap-vz-0.9/bootstrapvz/plugins/unattended_upgrades
hard linking bootstrapvz/plugins/unattended_upgrades/manifest-schema.json -> bootstrap-vz-0.9/bootstrapvz/plugins/unattended_upgrades
hard linking bootstrapvz/plugins/unattended_upgrades/tasks.py -> bootstrap-vz-0.9/bootstrapvz/plugins/unattended_upgrades
hard linking bootstrapvz/plugins/vagrant/__init__.py -> bootstrap-vz-0.9/bootstrapvz/plugins/vagrant
hard linking bootstrapvz/plugins/vagrant/manifest-schema.json -> bootstrap-vz-0.9/bootstrapvz/plugins/vagrant
hard linking bootstrapvz/plugins/vagrant/tasks.py -> bootstrap-vz-0.9/bootstrapvz/plugins/vagrant
hard linking bootstrapvz/plugins/vagrant/assets/Vagrantfile -> bootstrap-vz-0.9/bootstrapvz/plugins/vagrant/assets
hard linking bootstrapvz/plugins/vagrant/assets/authorized_keys -> bootstrap-vz-0.9/bootstrapvz/plugins/vagrant/assets
hard linking bootstrapvz/plugins/vagrant/assets/box.ovf -> bootstrap-vz-0.9/bootstrapvz/plugins/vagrant/assets
hard linking bootstrapvz/plugins/vagrant/assets/metadata.json -> bootstrap-vz-0.9/bootstrapvz/plugins/vagrant/assets
hard linking bootstrapvz/providers/__init__.py -> bootstrap-vz-0.9/bootstrapvz/providers
hard linking bootstrapvz/providers/azure/__init__.py -> bootstrap-vz-0.9/bootstrapvz/providers/azure
hard linking bootstrapvz/providers/azure/manifest-schema.json -> bootstrap-vz-0.9/bootstrapvz/providers/azure
hard linking bootstrapvz/providers/azure/tasks/__init__.py -> bootstrap-vz-0.9/bootstrapvz/providers/azure/tasks
hard linking bootstrapvz/providers/azure/tasks/boot.py -> bootstrap-vz-0.9/bootstrapvz/providers/azure/tasks
hard linking bootstrapvz/providers/azure/tasks/image.py -> bootstrap-vz-0.9/bootstrapvz/providers/azure/tasks
hard linking bootstrapvz/providers/azure/tasks/packages.py -> bootstrap-vz-0.9/bootstrapvz/providers/azure/tasks
hard linking bootstrapvz/providers/ec2/__init__.py -> bootstrap-vz-0.9/bootstrapvz/providers/ec2
hard linking bootstrapvz/providers/ec2/ebsvolume.py -> bootstrap-vz-0.9/bootstrapvz/providers/ec2
hard linking bootstrapvz/providers/ec2/manifest-schema-s3.json -> bootstrap-vz-0.9/bootstrapvz/providers/ec2
hard linking bootstrapvz/providers/ec2/manifest-schema.json -> bootstrap-vz-0.9/bootstrapvz/providers/ec2
hard linking bootstrapvz/providers/ec2/tasks/__init__.py -> bootstrap-vz-0.9/bootstrapvz/providers/ec2/tasks
hard linking bootstrapvz/providers/ec2/tasks/ami-akis.json -> bootstrap-vz-0.9/bootstrapvz/providers/ec2/tasks
hard linking bootstrapvz/providers/ec2/tasks/ami.py -> bootstrap-vz-0.9/bootstrapvz/providers/ec2/tasks
hard linking bootstrapvz/providers/ec2/tasks/boot.py -> bootstrap-vz-0.9/bootstrapvz/providers/ec2/tasks
hard linking bootstrapvz/providers/ec2/tasks/connection.py -> bootstrap-vz-0.9/bootstrapvz/providers/ec2/tasks
hard linking bootstrapvz/providers/ec2/tasks/ebs.py -> bootstrap-vz-0.9/bootstrapvz/providers/ec2/tasks
hard linking bootstrapvz/providers/ec2/tasks/filesystem.py -> bootstrap-vz-0.9/bootstrapvz/providers/ec2/tasks
hard linking bootstrapvz/providers/ec2/tasks/host.py -> bootstrap-vz-0.9/bootstrapvz/providers/ec2/tasks
hard linking bootstrapvz/providers/ec2/tasks/initd.py -> bootstrap-vz-0.9/bootstrapvz/providers/ec2/tasks
hard linking bootstrapvz/providers/ec2/tasks/network.py -> bootstrap-vz-0.9/bootstrapvz/providers/ec2/tasks
hard linking bootstrapvz/providers/ec2/tasks/packages-kernels.json -> bootstrap-vz-0.9/bootstrapvz/providers/ec2/tasks
hard linking bootstrapvz/providers/ec2/tasks/packages.py -> bootstrap-vz-0.9/bootstrapvz/providers/ec2/tasks
hard linking bootstrapvz/providers/kvm/__init__.py -> bootstrap-vz-0.9/bootstrapvz/providers/kvm
hard linking bootstrapvz/providers/kvm/manifest-schema.json -> bootstrap-vz-0.9/bootstrapvz/providers/kvm
hard linking bootstrapvz/providers/kvm/tasks/__init__.py -> bootstrap-vz-0.9/bootstrapvz/providers/kvm/tasks
hard linking bootstrapvz/providers/kvm/tasks/packages.py -> bootstrap-vz-0.9/bootstrapvz/providers/kvm/tasks
hard linking bootstrapvz/providers/kvm/tasks/virtio.py -> bootstrap-vz-0.9/bootstrapvz/providers/kvm/tasks
hard linking bootstrapvz/providers/virtualbox/__init__.py -> bootstrap-vz-0.9/bootstrapvz/providers/virtualbox
hard linking bootstrapvz/providers/virtualbox/manifest-schema.json -> bootstrap-vz-0.9/bootstrapvz/providers/virtualbox
hard linking bootstrapvz/providers/virtualbox/tasks/__init__.py -> bootstrap-vz-0.9/bootstrapvz/providers/virtualbox/tasks
hard linking bootstrapvz/providers/virtualbox/tasks/guest_additions.py -> bootstrap-vz-0.9/bootstrapvz/providers/virtualbox/tasks
hard linking bootstrapvz/providers/virtualbox/tasks/packages.py -> bootstrap-vz-0.9/bootstrapvz/providers/virtualbox/tasks
hard linking manifests/azure.manifest.json -> bootstrap-vz-0.9/manifests
hard linking manifests/ec2-ebs-debian-official-amd64-hvm-cn-north-1.manifest.json -> bootstrap-vz-0.9/manifests
hard linking manifests/ec2-ebs-debian-official-amd64-hvm.manifest.json -> bootstrap-vz-0.9/manifests
hard linking manifests/ec2-ebs-debian-official-amd64-pvm-cn-north-1.manifest.json -> bootstrap-vz-0.9/manifests
hard linking manifests/ec2-ebs-debian-official-amd64-pvm.manifest.json -> bootstrap-vz-0.9/manifests
hard linking manifests/ec2-ebs-debian-official-i386-pvm.manifest.json -> bootstrap-vz-0.9/manifests
hard linking manifests/ec2-ebs-debian-testing-amd64-pvm.manifest.json -> bootstrap-vz-0.9/manifests
hard linking manifests/ec2-ebs-debian-testing-amd64-pvm.manifest.yml -> bootstrap-vz-0.9/manifests
hard linking manifests/ec2-ebs-debian-unstable-amd64-pvm.manifest.json -> bootstrap-vz-0.9/manifests
hard linking manifests/ec2-ebs-debian-unstable-contrib-amd64-pvm.manifest.json -> bootstrap-vz-0.9/manifests
hard linking manifests/ec2-ebs-partitioned.manifest.json -> bootstrap-vz-0.9/manifests
hard linking manifests/ec2-ebs-single.manifest.json -> bootstrap-vz-0.9/manifests
hard linking manifests/ec2-s3-debian-official-amd64-pvm-cn-north-1.manifest.json -> bootstrap-vz-0.9/manifests
hard linking manifests/ec2-s3.manifest.json -> bootstrap-vz-0.9/manifests
hard linking manifests/kvm-virtio.manifest.json -> bootstrap-vz-0.9/manifests
hard linking manifests/kvm.manifest.json -> bootstrap-vz-0.9/manifests
hard linking manifests/squeeze-ec2-ebs-debian-official-amd64-pvm.manifest.json -> bootstrap-vz-0.9/manifests
hard linking manifests/squeeze-ec2-ebs-debian-official-i386-pvm.manifest.json -> bootstrap-vz-0.9/manifests
hard linking manifests/virtualbox-vagrant.manifest.json -> bootstrap-vz-0.9/manifests
hard linking manifests/virtualbox.manifest.json -> bootstrap-vz-0.9/manifests
Writing bootstrap-vz-0.9/setup.cfg
creating '.tox/dist/bootstrap-vz-0.9.zip' and adding 'bootstrap-vz-0.9' to it
adding 'bootstrap-vz-0.9/setup.cfg'
adding 'bootstrap-vz-0.9/PKG-INFO'
adding 'bootstrap-vz-0.9/LICENSE'
adding 'bootstrap-vz-0.9/setup.py'
adding 'bootstrap-vz-0.9/MANIFEST.in'
adding 'bootstrap-vz-0.9/bootstrap_vz.egg-info/requires.txt'
adding 'bootstrap-vz-0.9/bootstrap_vz.egg-info/top_level.txt'
adding 'bootstrap-vz-0.9/bootstrap_vz.egg-info/dependency_links.txt'
adding 'bootstrap-vz-0.9/bootstrap_vz.egg-info/PKG-INFO'
adding 'bootstrap-vz-0.9/bootstrap_vz.egg-info/SOURCES.txt'
adding 'bootstrap-vz-0.9/bootstrap_vz.egg-info/entry_points.txt'
adding 'bootstrap-vz-0.9/manifests/kvm.manifest.json'
adding 'bootstrap-vz-0.9/manifests/virtualbox.manifest.json'
adding 'bootstrap-vz-0.9/manifests/kvm-virtio.manifest.json'
adding 'bootstrap-vz-0.9/manifests/ec2-ebs-debian-official-amd64-pvm.manifest.json'
adding 'bootstrap-vz-0.9/manifests/virtualbox-vagrant.manifest.json'
adding 'bootstrap-vz-0.9/manifests/ec2-ebs-debian-unstable-contrib-amd64-pvm.manifest.json'
adding 'bootstrap-vz-0.9/manifests/ec2-ebs-debian-testing-amd64-pvm.manifest.json'
adding 'bootstrap-vz-0.9/manifests/ec2-ebs-debian-testing-amd64-pvm.manifest.yml'
adding 'bootstrap-vz-0.9/manifests/ec2-s3.manifest.json'
adding 'bootstrap-vz-0.9/manifests/ec2-s3-debian-official-amd64-pvm-cn-north-1.manifest.json'
adding 'bootstrap-vz-0.9/manifests/ec2-ebs-debian-official-i386-pvm.manifest.json'
adding 'bootstrap-vz-0.9/manifests/ec2-ebs-debian-official-amd64-hvm-cn-north-1.manifest.json'
adding 'bootstrap-vz-0.9/manifests/squeeze-ec2-ebs-debian-official-amd64-pvm.manifest.json'
adding 'bootstrap-vz-0.9/manifests/squeeze-ec2-ebs-debian-official-i386-pvm.manifest.json'
adding 'bootstrap-vz-0.9/manifests/ec2-ebs-partitioned.manifest.json'
adding 'bootstrap-vz-0.9/manifests/ec2-ebs-debian-official-amd64-pvm-cn-north-1.manifest.json'
adding 'bootstrap-vz-0.9/manifests/ec2-ebs-debian-unstable-amd64-pvm.manifest.json'
adding 'bootstrap-vz-0.9/manifests/ec2-ebs-single.manifest.json'
adding 'bootstrap-vz-0.9/manifests/azure.manifest.json'
adding 'bootstrap-vz-0.9/manifests/ec2-ebs-debian-official-amd64-hvm.manifest.json'
adding 'bootstrap-vz-0.9/bootstrapvz/__init__.py'
adding 'bootstrap-vz-0.9/bootstrapvz/base/phase.py'
adding 'bootstrap-vz-0.9/bootstrapvz/base/task.py'
adding 'bootstrap-vz-0.9/bootstrapvz/base/release-codenames.json'
adding 'bootstrap-vz-0.9/bootstrapvz/base/main.py'
adding 'bootstrap-vz-0.9/bootstrapvz/base/log.py'
adding 'bootstrap-vz-0.9/bootstrapvz/base/manifest-schema.json'
adding 'bootstrap-vz-0.9/bootstrapvz/base/manifest.py'
adding 'bootstrap-vz-0.9/bootstrapvz/base/bootstrapinfo.py'
adding 'bootstrap-vz-0.9/bootstrapvz/base/tasklist.py'
adding 'bootstrap-vz-0.9/bootstrapvz/base/__init__.py'
adding 'bootstrap-vz-0.9/bootstrapvz/base/pkg/preferenceslist.py'
adding 'bootstrap-vz-0.9/bootstrapvz/base/pkg/exceptions.py'
adding 'bootstrap-vz-0.9/bootstrapvz/base/pkg/packagelist.py'
adding 'bootstrap-vz-0.9/bootstrapvz/base/pkg/sourceslist.py'
adding 'bootstrap-vz-0.9/bootstrapvz/base/pkg/__init__.py'
adding 'bootstrap-vz-0.9/bootstrapvz/base/fs/exceptions.py'
adding 'bootstrap-vz-0.9/bootstrapvz/base/fs/volume.py'
adding 'bootstrap-vz-0.9/bootstrapvz/base/fs/__init__.py'
adding 'bootstrap-vz-0.9/bootstrapvz/base/fs/partitionmaps/gpt.py'
adding 'bootstrap-vz-0.9/bootstrapvz/base/fs/partitionmaps/msdos.py'
adding 'bootstrap-vz-0.9/bootstrapvz/base/fs/partitionmaps/abstract.py'
adding 'bootstrap-vz-0.9/bootstrapvz/base/fs/partitionmaps/none.py'
adding 'bootstrap-vz-0.9/bootstrapvz/base/fs/partitionmaps/__init__.py'
adding 'bootstrap-vz-0.9/bootstrapvz/base/fs/partitions/gpt.py'
adding 'bootstrap-vz-0.9/bootstrapvz/base/fs/partitions/msdos.py'
adding 'bootstrap-vz-0.9/bootstrapvz/base/fs/partitions/abstract.py'
adding 'bootstrap-vz-0.9/bootstrapvz/base/fs/partitions/gpt_swap.py'
adding 'bootstrap-vz-0.9/bootstrapvz/base/fs/partitions/msdos_swap.py'
adding 'bootstrap-vz-0.9/bootstrapvz/base/fs/partitions/unformatted.py'
adding 'bootstrap-vz-0.9/bootstrapvz/base/fs/partitions/base.py'
adding 'bootstrap-vz-0.9/bootstrapvz/base/fs/partitions/single.py'
adding 'bootstrap-vz-0.9/bootstrapvz/base/fs/partitions/__init__.py'
adding 'bootstrap-vz-0.9/bootstrapvz/plugins/__init__.py'
adding 'bootstrap-vz-0.9/bootstrapvz/plugins/root_password/tasks.py'
adding 'bootstrap-vz-0.9/bootstrapvz/plugins/root_password/manifest-schema.json'
adding 'bootstrap-vz-0.9/bootstrapvz/plugins/root_password/__init__.py'
adding 'bootstrap-vz-0.9/bootstrapvz/plugins/cloud_init/tasks.py'
adding 'bootstrap-vz-0.9/bootstrapvz/plugins/cloud_init/manifest-schema.json'
adding 'bootstrap-vz-0.9/bootstrapvz/plugins/cloud_init/__init__.py'
adding 'bootstrap-vz-0.9/bootstrapvz/plugins/image_commands/tasks.py'
adding 'bootstrap-vz-0.9/bootstrapvz/plugins/image_commands/manifest-schema.json'
adding 'bootstrap-vz-0.9/bootstrapvz/plugins/image_commands/__init__.py'
adding 'bootstrap-vz-0.9/bootstrapvz/plugins/vagrant/tasks.py'
adding 'bootstrap-vz-0.9/bootstrapvz/plugins/vagrant/manifest-schema.json'
adding 'bootstrap-vz-0.9/bootstrapvz/plugins/vagrant/__init__.py'
adding 'bootstrap-vz-0.9/bootstrapvz/plugins/vagrant/assets/box.ovf'
adding 'bootstrap-vz-0.9/bootstrapvz/plugins/vagrant/assets/authorized_keys'
adding 'bootstrap-vz-0.9/bootstrapvz/plugins/vagrant/assets/Vagrantfile'
adding 'bootstrap-vz-0.9/bootstrapvz/plugins/vagrant/assets/metadata.json'
adding 'bootstrap-vz-0.9/bootstrapvz/plugins/admin_user/tasks.py'
adding 'bootstrap-vz-0.9/bootstrapvz/plugins/admin_user/manifest-schema.json'
adding 'bootstrap-vz-0.9/bootstrapvz/plugins/admin_user/__init__.py'
adding 'bootstrap-vz-0.9/bootstrapvz/plugins/opennebula/tasks.py'
adding 'bootstrap-vz-0.9/bootstrapvz/plugins/opennebula/__init__.py'
adding 'bootstrap-vz-0.9/bootstrapvz/plugins/ntp/tasks.py'
adding 'bootstrap-vz-0.9/bootstrapvz/plugins/ntp/manifest-schema.json'
adding 'bootstrap-vz-0.9/bootstrapvz/plugins/ntp/__init__.py'
adding 'bootstrap-vz-0.9/bootstrapvz/plugins/prebootstrapped/tasks.py'
adding 'bootstrap-vz-0.9/bootstrapvz/plugins/prebootstrapped/manifest-schema.json'
adding 'bootstrap-vz-0.9/bootstrapvz/plugins/prebootstrapped/__init__.py'
adding 'bootstrap-vz-0.9/bootstrapvz/plugins/minimize_size/tasks.py'
adding 'bootstrap-vz-0.9/bootstrapvz/plugins/minimize_size/manifest-schema.json'
adding 'bootstrap-vz-0.9/bootstrapvz/plugins/minimize_size/__init__.py'
adding 'bootstrap-vz-0.9/bootstrapvz/plugins/unattended_upgrades/tasks.py'
adding 'bootstrap-vz-0.9/bootstrapvz/plugins/unattended_upgrades/manifest-schema.json'
adding 'bootstrap-vz-0.9/bootstrapvz/plugins/unattended_upgrades/__init__.py'
adding 'bootstrap-vz-0.9/bootstrapvz/plugins/chef/tasks.py'
adding 'bootstrap-vz-0.9/bootstrapvz/plugins/chef/manifest-schema.json'
adding 'bootstrap-vz-0.9/bootstrapvz/plugins/chef/__init__.py'
adding 'bootstrap-vz-0.9/bootstrapvz/plugins/puppet/tasks.py'
adding 'bootstrap-vz-0.9/bootstrapvz/plugins/puppet/manifest-schema.json'
adding 'bootstrap-vz-0.9/bootstrapvz/plugins/puppet/__init__.py'
adding 'bootstrap-vz-0.9/bootstrapvz/plugins/apt_proxy/tasks.py'
adding 'bootstrap-vz-0.9/bootstrapvz/plugins/apt_proxy/manifest-schema.json'
adding 'bootstrap-vz-0.9/bootstrapvz/plugins/apt_proxy/__init__.py'
adding 'bootstrap-vz-0.9/bootstrapvz/providers/__init__.py'
adding 'bootstrap-vz-0.9/bootstrapvz/providers/ec2/ebsvolume.py'
adding 'bootstrap-vz-0.9/bootstrapvz/providers/ec2/manifest-schema.json'
adding 'bootstrap-vz-0.9/bootstrapvz/providers/ec2/manifest-schema-s3.json'
adding 'bootstrap-vz-0.9/bootstrapvz/providers/ec2/__init__.py'
adding 'bootstrap-vz-0.9/bootstrapvz/providers/ec2/tasks/filesystem.py'
adding 'bootstrap-vz-0.9/bootstrapvz/providers/ec2/tasks/packages-kernels.json'
adding 'bootstrap-vz-0.9/bootstrapvz/providers/ec2/tasks/network.py'
adding 'bootstrap-vz-0.9/bootstrapvz/providers/ec2/tasks/ami.py'
adding 'bootstrap-vz-0.9/bootstrapvz/providers/ec2/tasks/packages.py'
adding 'bootstrap-vz-0.9/bootstrapvz/providers/ec2/tasks/connection.py'
adding 'bootstrap-vz-0.9/bootstrapvz/providers/ec2/tasks/host.py'
adding 'bootstrap-vz-0.9/bootstrapvz/providers/ec2/tasks/ami-akis.json'
adding 'bootstrap-vz-0.9/bootstrapvz/providers/ec2/tasks/boot.py'
adding 'bootstrap-vz-0.9/bootstrapvz/providers/ec2/tasks/initd.py'
adding 'bootstrap-vz-0.9/bootstrapvz/providers/ec2/tasks/ebs.py'
adding 'bootstrap-vz-0.9/bootstrapvz/providers/ec2/tasks/__init__.py'
adding 'bootstrap-vz-0.9/bootstrapvz/providers/kvm/manifest-schema.json'
adding 'bootstrap-vz-0.9/bootstrapvz/providers/kvm/__init__.py'
adding 'bootstrap-vz-0.9/bootstrapvz/providers/kvm/tasks/virtio.py'
adding 'bootstrap-vz-0.9/bootstrapvz/providers/kvm/tasks/packages.py'
adding 'bootstrap-vz-0.9/bootstrapvz/providers/kvm/tasks/__init__.py'
adding 'bootstrap-vz-0.9/bootstrapvz/providers/virtualbox/manifest-schema.json'
adding 'bootstrap-vz-0.9/bootstrapvz/providers/virtualbox/__init__.py'
adding 'bootstrap-vz-0.9/bootstrapvz/providers/virtualbox/tasks/packages.py'
adding 'bootstrap-vz-0.9/bootstrapvz/providers/virtualbox/tasks/guest_additions.py'
adding 'bootstrap-vz-0.9/bootstrapvz/providers/virtualbox/tasks/__init__.py'
adding 'bootstrap-vz-0.9/bootstrapvz/providers/azure/manifest-schema.json'
adding 'bootstrap-vz-0.9/bootstrapvz/providers/azure/__init__.py'
adding 'bootstrap-vz-0.9/bootstrapvz/providers/azure/tasks/image.py'
adding 'bootstrap-vz-0.9/bootstrapvz/providers/azure/tasks/packages.py'
adding 'bootstrap-vz-0.9/bootstrapvz/providers/azure/tasks/boot.py'
adding 'bootstrap-vz-0.9/bootstrapvz/providers/azure/tasks/__init__.py'
adding 'bootstrap-vz-0.9/bootstrapvz/common/tools.py'
adding 'bootstrap-vz-0.9/bootstrapvz/common/exceptions.py'
adding 'bootstrap-vz-0.9/bootstrapvz/common/bytes.py'
adding 'bootstrap-vz-0.9/bootstrapvz/common/task_sets.py'
adding 'bootstrap-vz-0.9/bootstrapvz/common/fsm_proxy.py'
adding 'bootstrap-vz-0.9/bootstrapvz/common/minify_json.py'
adding 'bootstrap-vz-0.9/bootstrapvz/common/phases.py'
adding 'bootstrap-vz-0.9/bootstrapvz/common/__init__.py'
adding 'bootstrap-vz-0.9/bootstrapvz/common/tasks/filesystem.py'
adding 'bootstrap-vz-0.9/bootstrapvz/common/tasks/network.py'
adding 'bootstrap-vz-0.9/bootstrapvz/common/tasks/volume.py'
adding 'bootstrap-vz-0.9/bootstrapvz/common/tasks/packages.py'
adding 'bootstrap-vz-0.9/bootstrapvz/common/tasks/apt.py'
adding 'bootstrap-vz-0.9/bootstrapvz/common/tasks/workspace.py'
adding 'bootstrap-vz-0.9/bootstrapvz/common/tasks/cleanup.py'
adding 'bootstrap-vz-0.9/bootstrapvz/common/tasks/network-configuration.json'
adding 'bootstrap-vz-0.9/bootstrapvz/common/tasks/partitioning.py'
adding 'bootstrap-vz-0.9/bootstrapvz/common/tasks/host.py'
adding 'bootstrap-vz-0.9/bootstrapvz/common/tasks/boot.py'
adding 'bootstrap-vz-0.9/bootstrapvz/common/tasks/loopback.py'
adding 'bootstrap-vz-0.9/bootstrapvz/common/tasks/security.py'
adding 'bootstrap-vz-0.9/bootstrapvz/common/tasks/locale.py'
adding 'bootstrap-vz-0.9/bootstrapvz/common/tasks/initd.py'
adding 'bootstrap-vz-0.9/bootstrapvz/common/tasks/bootstrap.py'
adding 'bootstrap-vz-0.9/bootstrapvz/common/tasks/development.py'
adding 'bootstrap-vz-0.9/bootstrapvz/common/tasks/__init__.py'
adding 'bootstrap-vz-0.9/bootstrapvz/common/fs/virtualdiskimage.py'
adding 'bootstrap-vz-0.9/bootstrapvz/common/fs/virtualmachinedisk.py'
adding 'bootstrap-vz-0.9/bootstrapvz/common/fs/qemuvolume.py'
adding 'bootstrap-vz-0.9/bootstrapvz/common/fs/loopbackvolume.py'
adding 'bootstrap-vz-0.9/bootstrapvz/common/fs/__init__.py'
removing 'bootstrap-vz-0.9' (and everything under it)
